查询1
```sql
SELECT d.department_name，count(e.job_id)as "部门总人数"，
avg(e.salary)as "平均工资"
from hr.departments d，hr.employees e
where d.department_id = e.department_id
and d.department_name in ('IT'，'Sales')
GROUP BY department_name;
```


GENERAL INFORMATION SECTION
-------------------------------------------------------------------------------
Tuning Task Name   : staName94153
Tuning Task Owner  : HR
Tuning Task ID     : 255
Workload Type      : Single SQL Statement
Execution Count    : 1
Current Execution  : EXEC_937
Execution Type     : TUNE SQL
Scope              : COMPREHENSIVE
Time Limit(seconds): 1800
Completion Status  : COMPLETED
Started at         : 10/09/2018 11:04:26
Completed at       : 10/09/2018 11:04:26

-------------------------------------------------------------------------------
Schema Name   : HR
Container Name: PDBORCL
SQL ID        : fxdcdbd5fucs2
SQL Text      : SELECT d.department_name,count(e.job_id)as "部门总人数"，
                avg(e.salary)as "平均工资"
                from hr.departments d,hr.employees e
                where d.department_id=e.department_id
                and d.department_name in('IT','Sales')
                GROUP BY department_name

-------------------------------------------------------------------------------
FINDINGS SECTION (1 finding)
-------------------------------------------------------------------------------

1- Index Finding (see explain plans section below)
--------------------------------------------------
  通过创建一个或多个索引可以改进此语句的执行计划。

  Recommendation (estimated benefit: 59.99%)
  ------------------------------------------
  - 考虑运行可以改进物理方案设计的访问指导或者创建推荐的索引。
    create index HR.IDX$$_00FF0001 on HR.DEPARTMENTS("DEPARTMENT_NAME","DEPARTM
    ENT_ID");

  Rationale
  ---------
    创建推荐的索引可以显著地改进此语句的执行计划。但是, 使用典型的 SQL 工作量运行 "访问指导"
    可能比单个语句更可取。通过这种方法可以获得全面的索引建议案, 包括计算索引维护的开销和附加的空间消耗。

-------------------------------------------------------------------------------
EXPLAIN PLANS SECTION
-------------------------------------------------------------------------------

1- Original
-----------
Plan hash value: 3808327043

 
---------------------------------------------------------------------------------------------------
| Id  | Operation                     | Name              | Rows  | Bytes | Cost (%CPU)| Time     |
---------------------------------------------------------------------------------------------------
|   0 | SELECT STATEMENT              |                   |     1 |    23 |     5  (20)| 00:00:01 |
|   1 |  HASH GROUP BY                |                   |     1 |    23 |     5  (20)| 00:00:01 |
|   2 |   NESTED LOOPS                |                   |    19 |   437 |     4   (0)| 00:00:01 |
|   3 |    NESTED LOOPS               |                   |    20 |   437 |     4   (0)| 00:00:01 |
|*  4 |     TABLE ACCESS FULL         | DEPARTMENTS       |     2 |    32 |     3   (0)| 00:00:01 |
|*  5 |     INDEX RANGE SCAN          | EMP_DEPARTMENT_IX |    10 |       |     0   (0)| 00:00:01 |
|   6 |    TABLE ACCESS BY INDEX ROWID| EMPLOYEES         |    10 |    70 |     1   (0)| 00:00:01 |
---------------------------------------------------------------------------------------------------
 
Query Block Name / Object Alias (identified by operation id):
-------------------------------------------------------------
 
   1 - SEL$1
   4 - SEL$1 / D@SEL$1
   5 - SEL$1 / E@SEL$1
   6 - SEL$1 / E@SEL$1
 
Predicate Information (identified by operation id):
---------------------------------------------------
 
   4 - filter("D"."DEPARTMENT_NAME"='IT' OR "D"."DEPARTMENT_NAME"='Sales')
   5 - access("D"."DEPARTMENT_ID"="E"."DEPARTMENT_ID")
 
Column Projection Information (identified by operation id):
-----------------------------------------------------------
 
   1 - (#keys=1) "DEPARTMENT_NAME"[VARCHAR2,30], COUNT("E"."SALARY")[22], COUNT(*)[22], 
       SUM("E"."SALARY")[22]
   2 - (#keys=0) "D"."DEPARTMENT_ID"[NUMBER,22], "DEPARTMENT_NAME"[VARCHAR2,30], 
       "E"."SALARY"[NUMBER,22]
   3 - (#keys=0) "D"."DEPARTMENT_ID"[NUMBER,22], "DEPARTMENT_NAME"[VARCHAR2,30], 
       "E".ROWID[ROWID,10]
   4 - "D"."DEPARTMENT_ID"[NUMBER,22], "DEPARTMENT_NAME"[VARCHAR2,30]
   5 - "E".ROWID[ROWID,10]
   6 - "E"."SALARY"[NUMBER,22]
 
Note
-----
   - this is an adaptive plan

2- Using New Indices
--------------------
Plan hash value: 57410745

 
---------------------------------------------------------------------------------------------------
| Id  | Operation                     | Name              | Rows  | Bytes | Cost (%CPU)| Time     |
---------------------------------------------------------------------------------------------------
|   0 | SELECT STATEMENT              |                   |     2 |    46 |     2   (0)| 00:00:01 |
|   1 |  SORT GROUP BY NOSORT         |                   |     2 |    46 |     2   (0)| 00:00:01 |
|   2 |   NESTED LOOPS                |                   |    19 |   437 |     2   (0)| 00:00:01 |
|   3 |    NESTED LOOPS               |                   |    20 |   437 |     2   (0)| 00:00:01 |
|   4 |     INLIST ITERATOR           |                   |       |       |            |          |
|*  5 |      INDEX RANGE SCAN         | IDX$$_00FF0001    |     2 |    32 |     1   (0)| 00:00:01 |
|*  6 |     INDEX RANGE SCAN          | EMP_DEPARTMENT_IX |    10 |       |     0   (0)| 00:00:01 |
|   7 |    TABLE ACCESS BY INDEX ROWID| EMPLOYEES         |    10 |    70 |     1   (0)| 00:00:01 |
---------------------------------------------------------------------------------------------------
 
Query Block Name / Object Alias (identified by operation id):
-------------------------------------------------------------
 
   1 - SEL$1
   5 - SEL$1 / D@SEL$1
   6 - SEL$1 / E@SEL$1
   7 - SEL$1 / E@SEL$1
 
Predicate Information (identified by operation id):
---------------------------------------------------
 
   5 - access("D"."DEPARTMENT_NAME"='IT' OR "D"."DEPARTMENT_NAME"='Sales')
   6 - access("D"."DEPARTMENT_ID"="E"."DEPARTMENT_ID")
 
Column Projection Information (identified by operation id):
-----------------------------------------------------------
 
   1 - (#keys=1) "DEPARTMENT_NAME"[VARCHAR2,30], COUNT("E"."SALARY")[22], COUNT(*)[22], 
       SUM("E"."SALARY")[22]
   2 - (#keys=0) "DEPARTMENT_NAME"[VARCHAR2,30], "E"."SALARY"[NUMBER,22]
   3 - (#keys=0) "DEPARTMENT_NAME"[VARCHAR2,30], "E".ROWID[ROWID,10]
   4 - "D"."DEPARTMENT_ID"[NUMBER,22], "DEPARTMENT_NAME"[VARCHAR2,30]
   5 - "D"."DEPARTMENT_ID"[NUMBER,22], "DEPARTMENT_NAME"[VARCHAR2,30]
   6 - "E".ROWID[ROWID,10]
   7 - "E"."SALARY"[NUMBER,22]

-------------------------------------------------------------------------------
