GENERAL INFORMATION SECTION
-------------------------------------------------------------------------------
Tuning Task Name   : staName67268
Tuning Task Owner  : HR
Tuning Task ID     : 272
Workload Type      : Single SQL Statement
Execution Count    : 1
Current Execution  : EXEC_954
Execution Type     : TUNE SQL
Scope              : COMPREHENSIVE
Time Limit(seconds): 1800
Completion Status  : COMPLETED
Started at         : 10/09/2018 11:18:31
Completed at       : 10/09/2018 11:18:31

-------------------------------------------------------------------------------
Schema Name   : HR
Container Name: PDBORCL
SQL ID        : 4q3mr4gt7rkph
SQL Text      : SELECT d.department_name，count(e.job_id)as "部门总人数"，
                avg(e.salary)as "平均工资"
                FROM hr.departments d，hr.employees e
                WHERE d.department_id = e.department_id
                GROUP BY department_name
                HAVING d.department_name in ('IT'，'Sales')

-------------------------------------------------------------------------------
There are no recommendations to improve the statement.

-------------------------------------------------------------------------------
EXPLAIN PLANS SECTION
-------------------------------------------------------------------------------

1- Original
-----------
Plan hash value: 2128232041

 
----------------------------------------------------------------------------------------------
| Id  | Operation                      | Name        | Rows  | Bytes | Cost (%CPU)| Time     |
----------------------------------------------------------------------------------------------
|   0 | SELECT STATEMENT               |             |     1 |    23 |     7  (29)| 00:00:01 |
|*  1 |  FILTER                        |             |       |       |            |          |
|   2 |   HASH GROUP BY                |             |     1 |    23 |     7  (29)| 00:00:01 |
|   3 |    MERGE JOIN                  |             |   106 |  2438 |     6  (17)| 00:00:01 |
|   4 |     TABLE ACCESS BY INDEX ROWID| DEPARTMENTS |    27 |   432 |     2   (0)| 00:00:01 |
|   5 |      INDEX FULL SCAN           | DEPT_ID_PK  |    27 |       |     1   (0)| 00:00:01 |
|*  6 |     SORT JOIN                  |             |   107 |   749 |     4  (25)| 00:00:01 |
|   7 |      TABLE ACCESS FULL         | EMPLOYEES   |   107 |   749 |     3   (0)| 00:00:01 |
----------------------------------------------------------------------------------------------
 
Query Block Name / Object Alias (identified by operation id):
-------------------------------------------------------------
 
   1 - SEL$1
   4 - SEL$1 / D@SEL$1
   5 - SEL$1 / D@SEL$1
   7 - SEL$1 / E@SEL$1
 
Predicate Information (identified by operation id):
---------------------------------------------------
 
   1 - filter("DEPARTMENT_NAME"='IT' OR "DEPARTMENT_NAME"='Sales')
   6 - access("D"."DEPARTMENT_ID"="E"."DEPARTMENT_ID")
       filter("D"."DEPARTMENT_ID"="E"."DEPARTMENT_ID")
 
Column Projection Information (identified by operation id):
-----------------------------------------------------------
 
   1 - "DEPARTMENT_NAME"[VARCHAR2,30], COUNT("E"."SALARY")[22], COUNT(*)[22], 
       SUM("E"."SALARY")[22]
   2 - (#keys=1) "DEPARTMENT_NAME"[VARCHAR2,30], COUNT("E"."SALARY")[22], 
       COUNT(*)[22], SUM("E"."SALARY")[22]
   3 - (#keys=0) "D"."DEPARTMENT_NAME"[VARCHAR2,30], "E"."SALARY"[NUMBER,22]
   4 - "D"."DEPARTMENT_ID"[NUMBER,22], "D"."DEPARTMENT_NAME"[VARCHAR2,30]
   5 - "D".ROWID[ROWID,10], "D"."DEPARTMENT_ID"[NUMBER,22]
   6 - (#keys=1) "E"."DEPARTMENT_ID"[NUMBER,22], "E"."SALARY"[NUMBER,22]
   7 - "E"."SALARY"[NUMBER,22], "E"."DEPARTMENT_ID"[NUMBER,22]

-------------------------------------------------------------------------------
